(0000) 3000  0011000000000000 (  12)                 .ORIG x3000
(3000) 2CCE  0010110011001110 (  14)                 LD    R6 StackBase
(3001) E2CE  1110001011001110 (  15)                 LEA   R1 ROOT
(3002) E034  1110000000110100 (  16)                 LEA   R0 Welcome
(3003) F022  1111000000100010 (  17)                 TRAP  x22
(3004) E070  1110000001110000 (  19) LoopMain        LEA   R0 Command
(3005) F022  1111000000100010 (  20)                 TRAP  x22
(3006) F023  1111000000100011 (  22)                 TRAP  x23
(3007) 24C2  0010010011000010 (  23)                 LD    R2 Q
(3008) 1402  0001010000000010 (  24)                 ADD   R2 R0 R2
(3009) 042A  0000010000101010 (  25)                 BRZ   quitProgram
(300A) 24C0  0010010011000000 (  27)                 LD    R2 P
(300B) 1402  0001010000000010 (  28)                 ADD   R2 R0 R2
(300C) 0407  0000010000000111 (  29)                 BRZ   printTree
(300D) 24BE  0010010010111110 (  31)                 LD    R2 I
(300E) 1402  0001010000000010 (  32)                 ADD   R2 R0 R2
(300F) 0409  0000010000001001 (  33)                 BRZ   insertNode
(3010) 24BD  0010010010111101 (  35)                 LD    R2 D
(3011) 1402  0001010000000010 (  36)                 ADD   R2 R0 R2
(3012) 0413  0000010000010011 (  37)                 BRZ   calcDepth
(3013) 0FF0  0000111111110000 (  38)                 BRNZP LoopMain
(3014) 1DBF  0001110110111111 (  42) printTree       ADD   R6 R6 #-1
(3015) 7380  0111001110000000 (  43)                 STR   R1 R6 #0
(3016) 4916  0100100100010110 (  44)                 JSR   InOrderTraversal
(3017) 1DA1  0001110110100001 (  45)                 ADD   R6 R6 #1
(3018) 0FEB  0000111111101011 (  46)                 BRNZP LoopMain
(3019) 1DBF  0001110110111111 (  49) insertNode      ADD   R6 R6 #-1
(301A) 49AA  0100100110101010 (  50)                 JSR   ReadHexInt
(301B) 6780  0110011110000000 (  51)                 LDR   R3 R6 #0
(301C) 1DA1  0001110110100001 (  53)                 ADD   R6 R6 #1
(301D) 1DBF  0001110110111111 (  55)                 ADD   R6 R6 #-1
(301E) 7780  0111011110000000 (  56)                 STR   R3 R6 #0
(301F) E2B0  1110001010110000 (  57)                 LEA   R1 ROOT
(3020) 1DBF  0001110110111111 (  58)                 ADD   R6 R6 #-1
(3021) 7380  0111001110000000 (  59)                 STR   R1 R6 #0
(3022) 1DBF  0001110110111111 (  60)                 ADD   R6 R6 #-1
(3023) 4A0A  0100101000001010 (  61)                 JSR   Insert
(3024) 1DA3  0001110110100011 (  62)                 ADD   R6 R6 #3
(3025) 0FDE  0000111111011110 (  63)                 BRNZP LoopMain
(3026) E2A9  1110001010101001 (  66) calcDepth       LEA   R1 ROOT
(3027) 1DBF  0001110110111111 (  67)                 ADD   R6 R6 #-1
(3028) 7380  0111001110000000 (  68)                 STR   R1 R6 #0
(3029) 1DBF  0001110110111111 (  69)                 ADD   R6 R6 #-1
(302A) 48C9  0100100011001001 (  70)                 JSR   CalculateDepth
(302B) 6780  0110011110000000 (  71)                 LDR   R3 R6 #0
(302C) 1DA2  0001110110100010 (  72)                 ADD   R6 R6 #2
(302D) E06B  1110000001101011 (  73)                 LEA   R0 DepthIs
(302E) F022  1111000000100010 (  74)                 TRAP  x22
(302F) 1DBF  0001110110111111 (  75)                 ADD   R6 R6 #-1
(3030) 7780  0111011110000000 (  76)                 STR   R3 R6 #0
(3031) 4927  0100100100100111 (  77)                 JSR   Print
(3032) 1DA1  0001110110100001 (  78)                 ADD   R6 R6 #1
(3033) 0FD0  0000111111010000 (  79)                 BRNZP LoopMain
(3034) E02E  1110000000101110 (  82) quitProgram     LEA   R0 EOP
(3035) F022  1111000000100010 (  83)                 TRAP  x22
(3036) F025  1111000000100101 (  85)                 TRAP  x25
(3037) 0057  0000000001010111 (  87) Welcome         .FILL x0057
(3038) 0065  0000000001100101 (  87)                 .FILL x0065
(3039) 006C  0000000001101100 (  87)                 .FILL x006C
(303A) 0063  0000000001100011 (  87)                 .FILL x0063
(303B) 006F  0000000001101111 (  87)                 .FILL x006F
(303C) 006D  0000000001101101 (  87)                 .FILL x006D
(303D) 0065  0000000001100101 (  87)                 .FILL x0065
(303E) 0020  0000000000100000 (  87)                 .FILL x0020
(303F) 0074  0000000001110100 (  87)                 .FILL x0074
(3040) 006F  0000000001101111 (  87)                 .FILL x006F
(3041) 0020  0000000000100000 (  87)                 .FILL x0020
(3042) 004B  0000000001001011 (  87)                 .FILL x004B
(3043) 0079  0000000001111001 (  87)                 .FILL x0079
(3044) 006C  0000000001101100 (  87)                 .FILL x006C
(3045) 0065  0000000001100101 (  87)                 .FILL x0065
(3046) 0020  0000000000100000 (  87)                 .FILL x0020
(3047) 0041  0000000001000001 (  87)                 .FILL x0041
(3048) 0068  0000000001101000 (  87)                 .FILL x0068
(3049) 006E  0000000001101110 (  87)                 .FILL x006E
(304A) 0027  0000000000100111 (  87)                 .FILL x0027
(304B) 0073  0000000001110011 (  87)                 .FILL x0073
(304C) 0020  0000000000100000 (  87)                 .FILL x0020
(304D) 0062  0000000001100010 (  87)                 .FILL x0062
(304E) 0069  0000000001101001 (  87)                 .FILL x0069
(304F) 006E  0000000001101110 (  87)                 .FILL x006E
(3050) 0061  0000000001100001 (  87)                 .FILL x0061
(3051) 0072  0000000001110010 (  87)                 .FILL x0072
(3052) 0079  0000000001111001 (  87)                 .FILL x0079
(3053) 0020  0000000000100000 (  87)                 .FILL x0020
(3054) 0074  0000000001110100 (  87)                 .FILL x0074
(3055) 0072  0000000001110010 (  87)                 .FILL x0072
(3056) 0065  0000000001100101 (  87)                 .FILL x0065
(3057) 0065  0000000001100101 (  87)                 .FILL x0065
(3058) 0020  0000000000100000 (  87)                 .FILL x0020
(3059) 0070  0000000001110000 (  87)                 .FILL x0070
(305A) 0072  0000000001110010 (  87)                 .FILL x0072
(305B) 006F  0000000001101111 (  87)                 .FILL x006F
(305C) 0067  0000000001100111 (  87)                 .FILL x0067
(305D) 0072  0000000001110010 (  87)                 .FILL x0072
(305E) 0061  0000000001100001 (  87)                 .FILL x0061
(305F) 006D  0000000001101101 (  87)                 .FILL x006D
(3060) 0021  0000000000100001 (  87)                 .FILL x0021
(3061) 000A  0000000000001010 (  87)                 .FILL x000A
(3062) 0000  0000000000000000 (  87)                 .FILL x0000
(3063) 0045  0000000001000101 (  88) EOP             .FILL x0045
(3064) 006E  0000000001101110 (  88)                 .FILL x006E
(3065) 0064  0000000001100100 (  88)                 .FILL x0064
(3066) 0020  0000000000100000 (  88)                 .FILL x0020
(3067) 006F  0000000001101111 (  88)                 .FILL x006F
(3068) 0066  0000000001100110 (  88)                 .FILL x0066
(3069) 0020  0000000000100000 (  88)                 .FILL x0020
(306A) 0050  0000000001010000 (  88)                 .FILL x0050
(306B) 0072  0000000001110010 (  88)                 .FILL x0072
(306C) 006F  0000000001101111 (  88)                 .FILL x006F
(306D) 0063  0000000001100011 (  88)                 .FILL x0063
(306E) 0065  0000000001100101 (  88)                 .FILL x0065
(306F) 0073  0000000001110011 (  88)                 .FILL x0073
(3070) 0073  0000000001110011 (  88)                 .FILL x0073
(3071) 0069  0000000001101001 (  88)                 .FILL x0069
(3072) 006E  0000000001101110 (  88)                 .FILL x006E
(3073) 0067  0000000001100111 (  88)                 .FILL x0067
(3074) 0000  0000000000000000 (  88)                 .FILL x0000
(3075) 000A  0000000000001010 (  89) Command         .FILL x000A
(3076) 0050  0000000001010000 (  89)                 .FILL x0050
(3077) 006C  0000000001101100 (  89)                 .FILL x006C
(3078) 0065  0000000001100101 (  89)                 .FILL x0065
(3079) 0061  0000000001100001 (  89)                 .FILL x0061
(307A) 0073  0000000001110011 (  89)                 .FILL x0073
(307B) 0065  0000000001100101 (  89)                 .FILL x0065
(307C) 0020  0000000000100000 (  89)                 .FILL x0020
(307D) 0065  0000000001100101 (  89)                 .FILL x0065
(307E) 006E  0000000001101110 (  89)                 .FILL x006E
(307F) 0074  0000000001110100 (  89)                 .FILL x0074
(3080) 0065  0000000001100101 (  89)                 .FILL x0065
(3081) 0072  0000000001110010 (  89)                 .FILL x0072
(3082) 0020  0000000000100000 (  89)                 .FILL x0020
(3083) 0061  0000000001100001 (  89)                 .FILL x0061
(3084) 0020  0000000000100000 (  89)                 .FILL x0020
(3085) 0063  0000000001100011 (  89)                 .FILL x0063
(3086) 006F  0000000001101111 (  89)                 .FILL x006F
(3087) 006D  0000000001101101 (  89)                 .FILL x006D
(3088) 006D  0000000001101101 (  89)                 .FILL x006D
(3089) 0061  0000000001100001 (  89)                 .FILL x0061
(308A) 006E  0000000001101110 (  89)                 .FILL x006E
(308B) 0064  0000000001100100 (  89)                 .FILL x0064
(308C) 0020  0000000000100000 (  89)                 .FILL x0020
(308D) 0063  0000000001100011 (  89)                 .FILL x0063
(308E) 0068  0000000001101000 (  89)                 .FILL x0068
(308F) 0061  0000000001100001 (  89)                 .FILL x0061
(3090) 0072  0000000001110010 (  89)                 .FILL x0072
(3091) 0061  0000000001100001 (  89)                 .FILL x0061
(3092) 0063  0000000001100011 (  89)                 .FILL x0063
(3093) 0074  0000000001110100 (  89)                 .FILL x0074
(3094) 0065  0000000001100101 (  89)                 .FILL x0065
(3095) 0072  0000000001110010 (  89)                 .FILL x0072
(3096) 003A  0000000000111010 (  89)                 .FILL x003A
(3097) 0020  0000000000100000 (  89)                 .FILL x0020
(3098) 0000  0000000000000000 (  89)                 .FILL x0000
(3099) 0054  0000000001010100 (  90) DepthIs         .FILL x0054
(309A) 0068  0000000001101000 (  90)                 .FILL x0068
(309B) 0065  0000000001100101 (  90)                 .FILL x0065
(309C) 0020  0000000000100000 (  90)                 .FILL x0020
(309D) 0064  0000000001100100 (  90)                 .FILL x0064
(309E) 0065  0000000001100101 (  90)                 .FILL x0065
(309F) 0070  0000000001110000 (  90)                 .FILL x0070
(30A0) 0074  0000000001110100 (  90)                 .FILL x0074
(30A1) 0068  0000000001101000 (  90)                 .FILL x0068
(30A2) 0020  0000000000100000 (  90)                 .FILL x0020
(30A3) 006F  0000000001101111 (  90)                 .FILL x006F
(30A4) 0066  0000000001100110 (  90)                 .FILL x0066
(30A5) 0020  0000000000100000 (  90)                 .FILL x0020
(30A6) 0074  0000000001110100 (  90)                 .FILL x0074
(30A7) 0068  0000000001101000 (  90)                 .FILL x0068
(30A8) 0065  0000000001100101 (  90)                 .FILL x0065
(30A9) 0020  0000000000100000 (  90)                 .FILL x0020
(30AA) 0074  0000000001110100 (  90)                 .FILL x0074
(30AB) 0072  0000000001110010 (  90)                 .FILL x0072
(30AC) 0065  0000000001100101 (  90)                 .FILL x0065
(30AD) 0065  0000000001100101 (  90)                 .FILL x0065
(30AE) 0020  0000000000100000 (  90)                 .FILL x0020
(30AF) 0069  0000000001101001 (  90)                 .FILL x0069
(30B0) 006E  0000000001101110 (  90)                 .FILL x006E
(30B1) 0020  0000000000100000 (  90)                 .FILL x0020
(30B2) 0068  0000000001101000 (  90)                 .FILL x0068
(30B3) 0065  0000000001100101 (  90)                 .FILL x0065
(30B4) 0078  0000000001111000 (  90)                 .FILL x0078
(30B5) 0061  0000000001100001 (  90)                 .FILL x0061
(30B6) 0064  0000000001100100 (  90)                 .FILL x0064
(30B7) 0065  0000000001100101 (  90)                 .FILL x0065
(30B8) 0063  0000000001100011 (  90)                 .FILL x0063
(30B9) 0069  0000000001101001 (  90)                 .FILL x0069
(30BA) 006D  0000000001101101 (  90)                 .FILL x006D
(30BB) 0061  0000000001100001 (  90)                 .FILL x0061
(30BC) 006C  0000000001101100 (  90)                 .FILL x006C
(30BD) 0020  0000000000100000 (  90)                 .FILL x0020
(30BE) 0069  0000000001101001 (  90)                 .FILL x0069
(30BF) 006E  0000000001101110 (  90)                 .FILL x006E
(30C0) 0074  0000000001110100 (  90)                 .FILL x0074
(30C1) 0065  0000000001100101 (  90)                 .FILL x0065
(30C2) 0067  0000000001100111 (  90)                 .FILL x0067
(30C3) 0065  0000000001100101 (  90)                 .FILL x0065
(30C4) 0072  0000000001110010 (  90)                 .FILL x0072
(30C5) 0020  0000000000100000 (  90)                 .FILL x0020
(30C6) 0069  0000000001101001 (  90)                 .FILL x0069
(30C7) 0073  0000000001110011 (  90)                 .FILL x0073
(30C8) 0020  0000000000100000 (  90)                 .FILL x0020
(30C9) 0000  0000000000000000 (  90)                 .FILL x0000
(30CA) FFAF  1111111110101111 (  91) Q               .FILL xFFAF
(30CB) FFB0  1111111110110000 (  92) P               .FILL xFFB0
(30CC) FFB7  1111111110110111 (  93) I               .FILL xFFB7
(30CD) FFAE  1111111110101110 (  94) R               .FILL xFFAE
(30CE) FFBC  1111111110111100 (  95) D               .FILL xFFBC
(30CF) 4000  0100000000000000 (  97) StackBase       .FILL x4000
(30D0) 2280  0010001010000000 (  99) ROOT            .FILL x2280
(30D1) 30D3  0011000011010011 ( 100)                 .FILL x30D3
(30D2) 30D9  0011000011011001 ( 101)                 .FILL x30D9
(30D3) 0009  0000000000001001 ( 102) nodeA           .FILL x0009
(30D4) 0000  0000000000000000 ( 103)                 .FILL x0000
(30D5) 30D6  0011000011010110 ( 104)                 .FILL x30D6
(30D6) 0ABC  0000101010111100 ( 105) nodeC           .FILL x0ABC
(30D7) 0000  0000000000000000 ( 106)                 .FILL x0000
(30D8) 0000  0000000000000000 ( 107)                 .FILL x0000
(30D9) 3000  0011000000000000 ( 108) nodeB           .FILL x3000
(30DA) 30DC  0011000011011100 ( 109)                 .FILL x30DC
(30DB) 30DF  0011000011011111 ( 110)                 .FILL x30DF
(30DC) 2FFF  0010111111111111 ( 111) nodeD           .FILL x2FFF
(30DD) 0000  0000000000000000 ( 112)                 .FILL x0000
(30DE) 0000  0000000000000000 ( 113)                 .FILL x0000
(30DF) 5555  0101010101010101 ( 114) nodeE           .FILL x5555
(30E0) 30E2  0011000011100010 ( 115)                 .FILL x30E2
(30E1) 30E5  0011000011100101 ( 116)                 .FILL x30E5
(30E2) 3A0F  0011101000001111 ( 117) nodeF           .FILL x3A0F
(30E3) 0000  0000000000000000 ( 118)                 .FILL x0000
(30E4) 0000  0000000000000000 ( 119)                 .FILL x0000
(30E5) 5EDE  0101111011011110 ( 120) nodeG           .FILL x5EDE
(30E6) 30E8  0011000011101000 ( 121)                 .FILL x30E8
(30E7) 30EB  0011000011101011 ( 122)                 .FILL x30EB
(30E8) 5832  0101100000110010 ( 123) nodeH           .FILL x5832
(30E9) 0000  0000000000000000 ( 124)                 .FILL x0000
(30EA) 0000  0000000000000000 ( 125)                 .FILL x0000
(30EB) 6123  0110000100100011 ( 126) nodeI           .FILL x6123
(30EC) 0000  0000000000000000 ( 127)                 .FILL x0000
(30ED) 30EE  0011000011101110 ( 128)                 .FILL x30EE
(30EE) 6125  0110000100100101 ( 129) nodeJ           .FILL x6125
(30EF) 30F1  0011000011110001 ( 130)                 .FILL x30F1
(30F0) 0000  0000000000000000 ( 131)                 .FILL x0000
(30F1) 6124  0110000100100100 ( 132) nodeK           .FILL x6124
(30F2) 0000  0000000000000000 ( 133)                 .FILL x0000
(30F3) 0000  0000000000000000 ( 134)                 .FILL x0000
(30F4) 1DBF  0001110110111111 ( 146) CalculateDepth  ADD   R6 R6 #-1
(30F5) 7B80  0111101110000000 ( 148)                 STR   R5 R6 #0
(30F6) 1BA1  0001101110100001 ( 151)                 ADD   R5 R6 #1
(30F7) 1DBF  0001110110111111 ( 155)                 ADD   R6 R6 #-1
(30F8) 7380  0111001110000000 ( 156)                 STR   R1 R6 #0
(30F9) 1DBF  0001110110111111 ( 158)                 ADD   R6 R6 #-1
(30FA) 7580  0111010110000000 ( 160)                 STR   R2 R6 #0
(30FB) 1DBF  0001110110111111 ( 162)                 ADD   R6 R6 #-1
(30FC) 7780  0111011110000000 ( 163)                 STR   R3 R6 #0
(30FD) 1DBF  0001110110111111 ( 165)                 ADD   R6 R6 #-1
(30FE) 7980  0111100110000000 ( 166)                 STR   R4 R6 #0
(30FF) 1DBF  0001110110111111 ( 168)                 ADD   R6 R6 #-1
(3100) 7F80  0111111110000000 ( 169)                 STR   R7 R6 #0
(3101) 6341  0110001101000001 ( 171)                 LDR   R1 R5 #1
(3102) 0A02  0000101000000010 ( 172)                 BRNP  isNotNullNode
(3103) 54A0  0101010010100000 ( 173)                 AND   R2 R2 #0
(3104) 0E1A  0000111000011010 ( 174)                 BRNZP returnDepth
(3105) 6641  0110011001000001 ( 176) isNotNullNode   LDR   R3 R1 #1
(3106) 1DBF  0001110110111111 ( 177)                 ADD   R6 R6 #-1
(3107) 7780  0111011110000000 ( 178)                 STR   R3 R6 #0
(3108) 1DBF  0001110110111111 ( 179)                 ADD   R6 R6 #-1
(3109) 4FEA  0100111111101010 ( 180)                 JSR   CalculateDepth
(310A) 6780  0110011110000000 ( 181)                 LDR   R3 R6 #0
(310B) 1DA2  0001110110100010 ( 182)                 ADD   R6 R6 #2
(310C) 6842  0110100001000010 ( 184)                 LDR   R4 R1 #2
(310D) 1DBF  0001110110111111 ( 185)                 ADD   R6 R6 #-1
(310E) 7980  0111100110000000 ( 186)                 STR   R4 R6 #0
(310F) 1DBF  0001110110111111 ( 187)                 ADD   R6 R6 #-1
(3110) 4FE3  0100111111100011 ( 188)                 JSR   CalculateDepth
(3111) 6980  0110100110000000 ( 189)                 LDR   R4 R6 #0
(3112) 1DA2  0001110110100010 ( 190)                 ADD   R6 R6 #2
(3113) 5020  0101000000100000 ( 192)                 AND   R0 R0 #0
(3114) 90FF  1001000011111111 ( 193)                 NOT   R0 R3
(3115) 1021  0001000000100001 ( 194)                 ADD   R0 R0 #1
(3116) 1004  0001000000000100 ( 195)                 ADD   R0 R0 R4
(3117) 0204  0000001000000100 ( 196)                 BRP   isBigger
(3118) 16E1  0001011011100001 ( 198)                 ADD   R3 R3 #1
(3119) 54A0  0101010010100000 ( 199)                 AND   R2 R2 #0
(311A) 14E0  0001010011100000 ( 200)                 ADD   R2 R3 #0
(311B) 0E03  0000111000000011 ( 201)                 BRNZP returnDepth
(311C) 1921  0001100100100001 ( 203) isBigger        ADD   R4 R4 #1
(311D) 54A0  0101010010100000 ( 204)                 AND   R2 R2 #0
(311E) 1520  0001010100100000 ( 205)                 ADD   R2 R4 #0
(311F) 7540  0111010101000000 ( 208) returnDepth     STR   R2 R5 #0
(3120) 6F80  0110111110000000 ( 210)                 LDR   R7 R6 #0
(3121) 1DA1  0001110110100001 ( 212)                 ADD   R6 R6 #1
(3122) 6980  0110100110000000 ( 214)                 LDR   R4 R6 #0
(3123) 1DA1  0001110110100001 ( 216)                 ADD   R6 R6 #1
(3124) 6780  0110011110000000 ( 218)                 LDR   R3 R6 #0
(3125) 1DA1  0001110110100001 ( 220)                 ADD   R6 R6 #1
(3126) 6580  0110010110000000 ( 224)                 LDR   R2 R6 #0
(3127) 1DA1  0001110110100001 ( 226)                 ADD   R6 R6 #1
(3128) 6380  0110001110000000 ( 230)                 LDR   R1 R6 #0
(3129) 1DA1  0001110110100001 ( 231)                 ADD   R6 R6 #1
(312A) 6B80  0110101110000000 ( 233)                 LDR   R5 R6 #0
(312B) 1DA1  0001110110100001 ( 235)                 ADD   R6 R6 #1
(312C) C1C0  1100000111000000 ( 237)                 RET   
(312D) 1DBF  0001110110111111 ( 250) InOrderTraversal ADD   R6 R6 #-1
(312E) 7B80  0111101110000000 ( 252)                 STR   R5 R6 #0
(312F) 1BA1  0001101110100001 ( 255)                 ADD   R5 R6 #1
(3130) 1DBF  0001110110111111 ( 259)                 ADD   R6 R6 #-1
(3131) 7380  0111001110000000 ( 260)                 STR   R1 R6 #0
(3132) 1DBF  0001110110111111 ( 262)                 ADD   R6 R6 #-1
(3133) 7580  0111010110000000 ( 264)                 STR   R2 R6 #0
(3134) 1DBF  0001110110111111 ( 266)                 ADD   R6 R6 #-1
(3135) 7780  0111011110000000 ( 267)                 STR   R3 R6 #0
(3136) 1DBF  0001110110111111 ( 269)                 ADD   R6 R6 #-1
(3137) 7980  0111100110000000 ( 270)                 STR   R4 R6 #0
(3138) 1DBF  0001110110111111 ( 272)                 ADD   R6 R6 #-1
(3139) 7F80  0111111110000000 ( 273)                 STR   R7 R6 #0
(313A) 6340  0110001101000000 ( 276)                 LDR   R1 R5 #0
(313B) 040F  0000010000001111 ( 277)                 BRZ   isNull
(313C) 6441  0110010001000001 ( 280)                 LDR   R2 R1 #1
(313D) 1DBF  0001110110111111 ( 281)                 ADD   R6 R6 #-1
(313E) 7580  0111010110000000 ( 282)                 STR   R2 R6 #0
(313F) 4FED  0100111111101101 ( 283)                 JSR   InOrderTraversal
(3140) 1DA1  0001110110100001 ( 284)                 ADD   R6 R6 #1
(3141) 6040  0110000001000000 ( 286)                 LDR   R0 R1 #0
(3142) 1DBF  0001110110111111 ( 287)                 ADD   R6 R6 #-1
(3143) 7180  0111000110000000 ( 288)                 STR   R0 R6 #0
(3144) 4814  0100100000010100 ( 289)                 JSR   Print
(3145) 1DA1  0001110110100001 ( 290)                 ADD   R6 R6 #1
(3146) 6642  0110011001000010 ( 292)                 LDR   R3 R1 #2
(3147) 1DBF  0001110110111111 ( 293)                 ADD   R6 R6 #-1
(3148) 7780  0111011110000000 ( 294)                 STR   R3 R6 #0
(3149) 4FE3  0100111111100011 ( 295)                 JSR   InOrderTraversal
(314A) 1DA1  0001110110100001 ( 296)                 ADD   R6 R6 #1
(314B) 7340  0111001101000000 ( 300) isNull          STR   R1 R5 #0
(314C) 6F80  0110111110000000 ( 302)                 LDR   R7 R6 #0
(314D) 1DA1  0001110110100001 ( 304)                 ADD   R6 R6 #1
(314E) 6980  0110100110000000 ( 306)                 LDR   R4 R6 #0
(314F) 1DA1  0001110110100001 ( 308)                 ADD   R6 R6 #1
(3150) 6780  0110011110000000 ( 310)                 LDR   R3 R6 #0
(3151) 1DA1  0001110110100001 ( 312)                 ADD   R6 R6 #1
(3152) 6580  0110010110000000 ( 316)                 LDR   R2 R6 #0
(3153) 1DA1  0001110110100001 ( 318)                 ADD   R6 R6 #1
(3154) 6380  0110001110000000 ( 322)                 LDR   R1 R6 #0
(3155) 1DA1  0001110110100001 ( 323)                 ADD   R6 R6 #1
(3156) 6B80  0110101110000000 ( 325)                 LDR   R5 R6 #0
(3157) 1DA1  0001110110100001 ( 327)                 ADD   R6 R6 #1
(3158) C1C0  1100000111000000 ( 329)                 RET   
(3159) 1DBF  0001110110111111 ( 346) Print           ADD   R6 R6 #-1
(315A) 7B80  0111101110000000 ( 348)                 STR   R5 R6 #0
(315B) 1BA1  0001101110100001 ( 351)                 ADD   R5 R6 #1
(315C) 1DBF  0001110110111111 ( 355)                 ADD   R6 R6 #-1
(315D) 7380  0111001110000000 ( 356)                 STR   R1 R6 #0
(315E) 1DBF  0001110110111111 ( 358)                 ADD   R6 R6 #-1
(315F) 7580  0111010110000000 ( 360)                 STR   R2 R6 #0
(3160) 1DBF  0001110110111111 ( 362)                 ADD   R6 R6 #-1
(3161) 7780  0111011110000000 ( 363)                 STR   R3 R6 #0
(3162) 1DBF  0001110110111111 ( 365)                 ADD   R6 R6 #-1
(3163) 7980  0111100110000000 ( 366)                 STR   R4 R6 #0
(3164) 1DBF  0001110110111111 ( 368)                 ADD   R6 R6 #-1
(3165) 7F80  0111111110000000 ( 369)                 STR   R7 R6 #0
(3166) 5260  0101001001100000 ( 371)                 AND   R1 R1 #0
(3167) 54A0  0101010010100000 ( 372)                 AND   R2 R2 #0
(3168) 56E0  0101011011100000 ( 373)                 AND   R3 R3 #0
(3169) 5920  0101100100100000 ( 374)                 AND   R4 R4 #0
(316A) 5FE0  0101111111100000 ( 375)                 AND   R7 R7 #0
(316B) 6340  0110001101000000 ( 378)                 LDR   R1 R5 #0
(316C) 54A0  0101010010100000 ( 379)                 AND   R2 R2 #0
(316D) 14A1  0001010010100001 ( 380)                 ADD   R2 R2 #1
(316E) 5FE0  0101111111100000 ( 381)                 AND   R7 R7 #0
(316F) 1FE4  0001111111100100 ( 382)                 ADD   R7 R7 #4
(3170) 5B60  0101101101100000 ( 385) LoopPrintI      AND   R5 R5 #0
(3171) 1B64  0001101101100100 ( 386)                 ADD   R5 R5 #4
(3172) 56E0  0101011011100000 ( 387)                 AND   R3 R3 #0
(3173) 5920  0101100100100000 ( 388)                 AND   R4 R4 #0
(3174) 1921  0001100100100001 ( 389)                 ADD   R4 R4 #1
(3175) 5042  0101000001000010 ( 391) LoopPrintJ      AND   R0 R1 R2
(3176) 0C01  0000110000000001 ( 392)                 BRNZ  skipBitMasking
(3177) 16C4  0001011011000100 ( 393)                 ADD   R3 R3 R4
(3178) 1482  0001010010000010 ( 395) skipBitMasking  ADD   R2 R2 R2
(3179) 1904  0001100100000100 ( 396)                 ADD   R4 R4 R4
(317A) 1B7F  0001101101111111 ( 397)                 ADD   R5 R5 #-1
(317B) 03F9  0000001111111001 ( 398)                 BRP   LoopPrintJ
(317C) 2084  0010000010000100 ( 400)                 LD    R0 CheckNumeric
(317D) 1003  0001000000000011 ( 401)                 ADD   R0 R0 R3
(317E) 0803  0000100000000011 ( 402)                 BRN   isNumericToPrint
(317F) 2027  0010000000100111 ( 404)                 LD    R0 CharPrint
(3180) 16C0  0001011011000000 ( 405)                 ADD   R3 R3 R0
(3181) 0E02  0000111000000010 ( 406)                 BRNZP nowStore
(3182) 2023  0010000000100011 ( 409) isNumericToPrint LD    R0 NumericPrint
(3183) 16C0  0001011011000000 ( 410)                 ADD   R3 R3 R0
(3184) 1FFF  0001111111111111 ( 414) nowStore        ADD   R7 R7 #-1
(3185) E022  1110000000100010 ( 415)                 LEA   R0 ToStorePrint
(3186) 1007  0001000000000111 ( 416)                 ADD   R0 R0 R7
(3187) 7600  0111011000000000 ( 417)                 STR   R3 R0 #0
(3188) 1FE1  0001111111100001 ( 418)                 ADD   R7 R7 #1
(3189) 1FFF  0001111111111111 ( 419)                 ADD   R7 R7 #-1
(318A) 03E5  0000001111100101 ( 420)                 BRP   LoopPrintI
(318B) E21C  1110001000011100 ( 422)                 LEA   R1 ToStorePrint
(318C) 6040  0110000001000000 ( 423)                 LDR   R0 R1 #0
(318D) F021  1111000000100001 ( 424)                 TRAP  x21
(318E) 6041  0110000001000001 ( 425)                 LDR   R0 R1 #1
(318F) F021  1111000000100001 ( 426)                 TRAP  x21
(3190) 6042  0110000001000010 ( 427)                 LDR   R0 R1 #2
(3191) F021  1111000000100001 ( 428)                 TRAP  x21
(3192) 6043  0110000001000011 ( 429)                 LDR   R0 R1 #3
(3193) F021  1111000000100001 ( 430)                 TRAP  x21
(3194) 5020  0101000000100000 ( 432)                 AND   R0 R0 #0
(3195) E00E  1110000000001110 ( 433)                 LEA   R0 NextLine
(3196) F022  1111000000100010 ( 434)                 TRAP  x22
(3197) 6F80  0110111110000000 ( 437)                 LDR   R7 R6 #0
(3198) 1DA1  0001110110100001 ( 439)                 ADD   R6 R6 #1
(3199) 6980  0110100110000000 ( 441)                 LDR   R4 R6 #0
(319A) 1DA1  0001110110100001 ( 443)                 ADD   R6 R6 #1
(319B) 6780  0110011110000000 ( 445)                 LDR   R3 R6 #0
(319C) 1DA1  0001110110100001 ( 447)                 ADD   R6 R6 #1
(319D) 6580  0110010110000000 ( 451)                 LDR   R2 R6 #0
(319E) 1DA1  0001110110100001 ( 453)                 ADD   R6 R6 #1
(319F) 6380  0110001110000000 ( 457)                 LDR   R1 R6 #0
(31A0) 1DA1  0001110110100001 ( 458)                 ADD   R6 R6 #1
(31A1) 6B80  0110101110000000 ( 460)                 LDR   R5 R6 #0
(31A2) 1DA1  0001110110100001 ( 462)                 ADD   R6 R6 #1
(31A3) C1C0  1100000111000000 ( 464)                 RET   
(31A4) 000A  0000000000001010 ( 466) NextLine        .FILL x000A
(31A5) 0000  0000000000000000 ( 466)                 .FILL x0000
(31A6) 0030  0000000000110000 ( 467) NumericPrint    .FILL x0030
(31A7) 0037  0000000000110111 ( 468) CharPrint       .FILL x0037
(31A8) 0000  0000000000000000 ( 469) ToStorePrint    .FILL x0000
(31A9) 0000  0000000000000000 ( 470)                 .FILL x0000
(31AA) 0000  0000000000000000 ( 471)                 .FILL x0000
(31AB) 0000  0000000000000000 ( 472)                 .FILL x0000
(31AC) 1DBF  0001110110111111 ( 485) ShiftRight      ADD   R6 R6 #-1
(31AD) 7B80  0111101110000000 ( 486)                 STR   R5 R6 #0
(31AE) 1BA1  0001101110100001 ( 487)                 ADD   R5 R6 #1
(31AF) 1DBF  0001110110111111 ( 489)                 ADD   R6 R6 #-1
(31B0) 7380  0111001110000000 ( 490)                 STR   R1 R6 #0
(31B1) 1DBF  0001110110111111 ( 492)                 ADD   R6 R6 #-1
(31B2) 7580  0111010110000000 ( 493)                 STR   R2 R6 #0
(31B3) 1DBF  0001110110111111 ( 495)                 ADD   R6 R6 #-1
(31B4) 7F80  0111111110000000 ( 496)                 STR   R7 R6 #0
(31B5) 6341  0110001101000001 ( 500)                 LDR   R1 R5 #1
(31B6) 54A0  0101010010100000 ( 501)                 AND   R2 R2 #0
(31B7) 14A1  0001010010100001 ( 504) divide          ADD   R2 R2 #1
(31B8) 127E  0001001001111110 ( 505)                 ADD   R1 R1 #-2
(31B9) 07FD  0000011111111101 ( 506)                 BRZP  divide
(31BA) 14BF  0001010010111111 ( 507)                 ADD   R2 R2 #-1
(31BB) 7540  0111010101000000 ( 509)                 STR   R2 R5 #0
(31BC) 6F80  0110111110000000 ( 513)                 LDR   R7 R6 #0
(31BD) 1DA1  0001110110100001 ( 514)                 ADD   R6 R6 #1
(31BE) 6580  0110010110000000 ( 516)                 LDR   R2 R6 #0
(31BF) 1DA1  0001110110100001 ( 517)                 ADD   R6 R6 #1
(31C0) 6380  0110001110000000 ( 519)                 LDR   R1 R6 #0
(31C1) 1DA1  0001110110100001 ( 520)                 ADD   R6 R6 #1
(31C2) 6B80  0110101110000000 ( 522)                 LDR   R5 R6 #0
(31C3) 1DA1  0001110110100001 ( 523)                 ADD   R6 R6 #1
(31C4) C1C0  1100000111000000 ( 525)                 RET   
(31C5) 1DBF  0001110110111111 ( 542) ReadHexInt      ADD   R6 R6 #-1
(31C6) 7B80  0111101110000000 ( 544)                 STR   R5 R6 #0
(31C7) 1BA1  0001101110100001 ( 547)                 ADD   R5 R6 #1
(31C8) 1DBF  0001110110111111 ( 551)                 ADD   R6 R6 #-1
(31C9) 7380  0111001110000000 ( 552)                 STR   R1 R6 #0
(31CA) 1DBF  0001110110111111 ( 554)                 ADD   R6 R6 #-1
(31CB) 7580  0111010110000000 ( 556)                 STR   R2 R6 #0
(31CC) 1DBF  0001110110111111 ( 558)                 ADD   R6 R6 #-1
(31CD) 7780  0111011110000000 ( 559)                 STR   R3 R6 #0
(31CE) 1DBF  0001110110111111 ( 561)                 ADD   R6 R6 #-1
(31CF) 7980  0111100110000000 ( 562)                 STR   R4 R6 #0
(31D0) 1DBF  0001110110111111 ( 564)                 ADD   R6 R6 #-1
(31D1) 7F80  0111111110000000 ( 565)                 STR   R7 R6 #0
(31D2) 5260  0101001001100000 ( 567)                 AND   R1 R1 #0
(31D3) 54A0  0101010010100000 ( 568)                 AND   R2 R2 #0
(31D4) 56E0  0101011011100000 ( 569)                 AND   R3 R3 #0
(31D5) 5920  0101100100100000 ( 570)                 AND   R4 R4 #0
(31D6) 1924  0001100100100100 ( 571)                 ADD   R4 R4 #4
(31D7) 54A0  0101010010100000 ( 574) ReadHexCount    AND   R2 R2 #0
(31D8) 14BC  0001010010111100 ( 575)                 ADD   R2 R2 #-4
(31D9) 1484  0001010010000100 ( 576)                 ADD   R2 R2 R4
(31DA) 0407  0000010000000111 ( 577)                 BRZ   skipShiftBit
(31DB) 1DBF  0001110110111111 ( 579)                 ADD   R6 R6 #-1
(31DC) 7780  0111011110000000 ( 580)                 STR   R3 R6 #0
(31DD) 1DBF  0001110110111111 ( 581)                 ADD   R6 R6 #-1
(31DE) 4825  0100100000100101 ( 582)                 JSR   ShiftLeft
(31DF) 6780  0110011110000000 ( 583)                 LDR   R3 R6 #0
(31E0) 1DA1  0001110110100001 ( 584)                 ADD   R6 R6 #1
(31E1) 1DA1  0001110110100001 ( 585)                 ADD   R6 R6 #1
(31E2) F023  1111000000100011 ( 588) skipShiftBit    TRAP  x23
(31E3) 241E  0010010000011110 ( 589)                 LD    R2 Numeric
(31E4) 1202  0001001000000010 ( 590)                 ADD   R1 R0 R2
(31E5) 241B  0010010000011011 ( 591)                 LD    R2 CheckNumeric
(31E6) 1242  0001001001000010 ( 592)                 ADD   R1 R1 R2
(31E7) 0804  0000100000000100 ( 593)                 BRN   isNumeric
(31E8) 241A  0010010000011010 ( 595)                 LD    R2 Character
(31E9) 5260  0101001001100000 ( 596)                 AND   R1 R1 #0
(31EA) 1202  0001001000000010 ( 597)                 ADD   R1 R0 R2
(31EB) 0E03  0000111000000011 ( 598)                 BRNZP hexStored
(31EC) 2415  0010010000010101 ( 601) isNumeric       LD    R2 Numeric
(31ED) 5260  0101001001100000 ( 602)                 AND   R1 R1 #0
(31EE) 1202  0001001000000010 ( 603)                 ADD   R1 R0 R2
(31EF) 1643  0001011001000011 ( 606) hexStored       ADD   R3 R1 R3
(31F0) 193F  0001100100111111 ( 607)                 ADD   R4 R4 #-1
(31F1) 03E5  0000001111100101 ( 608)                 BRP   ReadHexCount
(31F2) 7740  0111011101000000 ( 610)                 STR   R3 R5 #0
(31F3) 6F80  0110111110000000 ( 612)                 LDR   R7 R6 #0
(31F4) 1DA1  0001110110100001 ( 614)                 ADD   R6 R6 #1
(31F5) 6980  0110100110000000 ( 616)                 LDR   R4 R6 #0
(31F6) 1DA1  0001110110100001 ( 618)                 ADD   R6 R6 #1
(31F7) 6780  0110011110000000 ( 620)                 LDR   R3 R6 #0
(31F8) 1DA1  0001110110100001 ( 622)                 ADD   R6 R6 #1
(31F9) 6580  0110010110000000 ( 626)                 LDR   R2 R6 #0
(31FA) 1DA1  0001110110100001 ( 628)                 ADD   R6 R6 #1
(31FB) 6380  0110001110000000 ( 632)                 LDR   R1 R6 #0
(31FC) 1DA1  0001110110100001 ( 633)                 ADD   R6 R6 #1
(31FD) 6B80  0110101110000000 ( 635)                 LDR   R5 R6 #0
(31FE) 1DA1  0001110110100001 ( 637)                 ADD   R6 R6 #1
(31FF) C1C0  1100000111000000 ( 639)                 RET   
(3200) FFF3  1111111111110011 ( 641) Enter           .FILL xFFF3
(3201) FFF6  1111111111110110 ( 642) CheckNumeric    .FILL xFFF6
(3202) FFD0  1111111111010000 ( 643) Numeric         .FILL xFFD0
(3203) FFC9  1111111111001001 ( 644) Character       .FILL xFFC9
(3204) 1DBF  0001110110111111 ( 663) ShiftLeft       ADD   R6 R6 #-1
(3205) 7B80  0111101110000000 ( 665)                 STR   R5 R6 #0
(3206) 1BA1  0001101110100001 ( 668)                 ADD   R5 R6 #1
(3207) 1DBF  0001110110111111 ( 672)                 ADD   R6 R6 #-1
(3208) 7380  0111001110000000 ( 673)                 STR   R1 R6 #0
(3209) 1DBF  0001110110111111 ( 675)                 ADD   R6 R6 #-1
(320A) 7580  0111010110000000 ( 677)                 STR   R2 R6 #0
(320B) 1DBF  0001110110111111 ( 679)                 ADD   R6 R6 #-1
(320C) 7780  0111011110000000 ( 680)                 STR   R3 R6 #0
(320D) 1DBF  0001110110111111 ( 682)                 ADD   R6 R6 #-1
(320E) 7980  0111100110000000 ( 683)                 STR   R4 R6 #0
(320F) 1DBF  0001110110111111 ( 685)                 ADD   R6 R6 #-1
(3210) 7F80  0111111110000000 ( 686)                 STR   R7 R6 #0
(3211) 6341  0110001101000001 ( 688)                 LDR   R1 R5 #1
(3212) 5920  0101100100100000 ( 689)                 AND   R4 R4 #0
(3213) 2E18  0010111000011000 ( 690)                 LD    R7 BitShiftCount
(3214) 2418  0010010000011000 ( 691)                 LD    R2 LeftShift
(3215) 56E0  0101011011100000 ( 692)                 AND   R3 R3 #0
(3216) 16E1  0001011011100001 ( 693)                 ADD   R3 R3 #1
(3217) 5043  0101000001000011 ( 695) LoopLeftShift   AND   R0 R1 R3
(3218) 0C01  0000110000000001 ( 696)                 BRNZ  skipShifting
(3219) 1884  0001100010000100 ( 697)                 ADD   R4 R2 R4
(321A) 1482  0001010010000010 ( 699) skipShifting    ADD   R2 R2 R2
(321B) 16C3  0001011011000011 ( 700)                 ADD   R3 R3 R3
(321C) 1FFF  0001111111111111 ( 701)                 ADD   R7 R7 #-1
(321D) 03F9  0000001111111001 ( 702)                 BRP   LoopLeftShift
(321E) 7940  0111100101000000 ( 704)                 STR   R4 R5 #0
(321F) 6F80  0110111110000000 ( 706)                 LDR   R7 R6 #0
(3220) 1DA1  0001110110100001 ( 707)                 ADD   R6 R6 #1
(3221) 6980  0110100110000000 ( 709)                 LDR   R4 R6 #0
(3222) 1DA1  0001110110100001 ( 710)                 ADD   R6 R6 #1
(3223) 6780  0110011110000000 ( 712)                 LDR   R3 R6 #0
(3224) 1DA1  0001110110100001 ( 714)                 ADD   R6 R6 #1
(3225) 6580  0110010110000000 ( 718)                 LDR   R2 R6 #0
(3226) 1DA1  0001110110100001 ( 720)                 ADD   R6 R6 #1
(3227) 6380  0110001110000000 ( 724)                 LDR   R1 R6 #0
(3228) 1DA1  0001110110100001 ( 725)                 ADD   R6 R6 #1
(3229) 6B80  0110101110000000 ( 727)                 LDR   R5 R6 #0
(322A) 1DA1  0001110110100001 ( 729)                 ADD   R6 R6 #1
(322B) C1C0  1100000111000000 ( 731)                 RET   
(322C) 000C  0000000000001100 ( 733) BitShiftCount   .FILL x000C
(322D) 0010  0000000000010000 ( 734) LeftShift       .FILL x0010
(322E) 1DBF  0001110110111111 ( 751) Insert          ADD   R6 R6 #-1
(322F) 7B80  0111101110000000 ( 753)                 STR   R5 R6 #0
(3230) 1BA1  0001101110100001 ( 756)                 ADD   R5 R6 #1
(3231) 1DBF  0001110110111111 ( 760)                 ADD   R6 R6 #-1
(3232) 7380  0111001110000000 ( 761)                 STR   R1 R6 #0
(3233) 1DBF  0001110110111111 ( 763)                 ADD   R6 R6 #-1
(3234) 7580  0111010110000000 ( 765)                 STR   R2 R6 #0
(3235) 1DBF  0001110110111111 ( 767)                 ADD   R6 R6 #-1
(3236) 7780  0111011110000000 ( 768)                 STR   R3 R6 #0
(3237) 1DBF  0001110110111111 ( 770)                 ADD   R6 R6 #-1
(3238) 7980  0111100110000000 ( 771)                 STR   R4 R6 #0
(3239) 1DBF  0001110110111111 ( 773)                 ADD   R6 R6 #-1
(323A) 7F80  0111111110000000 ( 774)                 STR   R7 R6 #0
(323B) 6742  0110011101000010 ( 777)                 LDR   R3 R5 #2
(323C) 6341  0110001101000001 ( 778)                 LDR   R1 R5 #1
(323D) 0A0E  0000101000001110 ( 779)                 BRNP  isNotNull
(323E) E43B  1110010000111011 ( 781)                 LEA   R2 LAST
(323F) 6080  0110000010000000 ( 782)                 LDR   R0 R2 #0
(3240) 0402  0000010000000010 ( 783)                 BRZ   isFirstInsertion
(3241) 54A0  0101010010100000 ( 784)                 AND   R2 R2 #0
(3242) 1420  0001010000100000 ( 785)                 ADD   R2 R0 #0
(3243) 7681  0111011010000001 ( 788) isFirstInsertion STR   R3 R2 #1
(3244) 5020  0101000000100000 ( 789)                 AND   R0 R0 #0
(3245) 7082  0111000010000010 ( 790)                 STR   R0 R2 #2
(3246) 7083  0111000010000011 ( 791)                 STR   R0 R2 #3
(3247) 5020  0101000000100000 ( 792)                 AND   R0 R0 #0
(3248) 10A4  0001000010100100 ( 793)                 ADD   R0 R2 #4
(3249) 3030  0011000000110000 ( 794)                 ST    R0 LAST
(324A) 14A1  0001010010100001 ( 795)                 ADD   R2 R2 #1
(324B) 0E1E  0000111000011110 ( 796)                 BRNZP returnNode
(324C) 6840  0110100001000000 ( 799) isNotNull       LDR   R4 R1 #0
(324D) 993F  1001100100111111 ( 800)                 NOT   R4 R4
(324E) 1921  0001100100100001 ( 801)                 ADD   R4 R4 #1
(324F) 18C4  0001100011000100 ( 802)                 ADD   R4 R3 R4
(3250) 0C0D  0000110000001101 ( 803)                 BRNZ  isSmaller
(3251) 1DBF  0001110110111111 ( 805)                 ADD   R6 R6 #-1
(3252) 7780  0111011110000000 ( 806)                 STR   R3 R6 #0
(3253) 6E42  0110111001000010 ( 807)                 LDR   R7 R1 #2
(3254) 1DBF  0001110110111111 ( 808)                 ADD   R6 R6 #-1
(3255) 7F80  0111111110000000 ( 809)                 STR   R7 R6 #0
(3256) 1DBF  0001110110111111 ( 810)                 ADD   R6 R6 #-1
(3257) 4FD6  0100111111010110 ( 811)                 JSR   Insert
(3258) 6580  0110010110000000 ( 812)                 LDR   R2 R6 #0
(3259) 0402  0000010000000010 ( 813)                 BRZ   isAlreadyLinkedRight
(325A) 7442  0111010001000010 ( 814)                 STR   R2 R1 #2
(325B) 54A0  0101010010100000 ( 815)                 AND   R2 R2 #0
(325C) 1DA3  0001110110100011 ( 817) isAlreadyLinkedRight ADD   R6 R6 #3
(325D) 0E0C  0000111000001100 ( 818)                 BRNZP returnNode
(325E) 1DBF  0001110110111111 ( 822) isSmaller       ADD   R6 R6 #-1
(325F) 7780  0111011110000000 ( 823)                 STR   R3 R6 #0
(3260) 6E41  0110111001000001 ( 824)                 LDR   R7 R1 #1
(3261) 1DBF  0001110110111111 ( 825)                 ADD   R6 R6 #-1
(3262) 7F80  0111111110000000 ( 826)                 STR   R7 R6 #0
(3263) 1DBF  0001110110111111 ( 827)                 ADD   R6 R6 #-1
(3264) 4FC9  0100111111001001 ( 828)                 JSR   Insert
(3265) 6580  0110010110000000 ( 829)                 LDR   R2 R6 #0
(3266) 0402  0000010000000010 ( 830)                 BRZ   isAlreadyLinkedLeft
(3267) 7441  0111010001000001 ( 831)                 STR   R2 R1 #1
(3268) 54A0  0101010010100000 ( 832)                 AND   R2 R2 #0
(3269) 1DA3  0001110110100011 ( 834) isAlreadyLinkedLeft ADD   R6 R6 #3
(326A) 5020  0101000000100000 ( 838) returnNode      AND   R0 R0 #0
(326B) 10A0  0001000010100000 ( 839)                 ADD   R0 R2 #0
(326C) 7140  0111000101000000 ( 840)                 STR   R0 R5 #0
(326D) 6F80  0110111110000000 ( 842)                 LDR   R7 R6 #0
(326E) 1DA1  0001110110100001 ( 843)                 ADD   R6 R6 #1
(326F) 6980  0110100110000000 ( 845)                 LDR   R4 R6 #0
(3270) 1DA1  0001110110100001 ( 846)                 ADD   R6 R6 #1
(3271) 6780  0110011110000000 ( 848)                 LDR   R3 R6 #0
(3272) 1DA1  0001110110100001 ( 850)                 ADD   R6 R6 #1
(3273) 6580  0110010110000000 ( 854)                 LDR   R2 R6 #0
(3274) 1DA1  0001110110100001 ( 856)                 ADD   R6 R6 #1
(3275) 6380  0110001110000000 ( 860)                 LDR   R1 R6 #0
(3276) 1DA1  0001110110100001 ( 861)                 ADD   R6 R6 #1
(3277) 6B80  0110101110000000 ( 863)                 LDR   R5 R6 #0
(3278) 1DA1  0001110110100001 ( 865)                 ADD   R6 R6 #1
(3279) C1C0  1100000111000000 ( 866)                 RET   
(327A) 0000  0000000000000000 ( 872) LAST            .FILL x0000
